=== Iteration cycle start: Sun Mar 15 02:30:01 UTC 2026 ===
--- Iterating: momentum ---
  momentum: FAILED (exit 1)
--- Iterating: historian ---
  historian: FAILED (exit 1)
--- Iterating: game_theorist ---
  game_theorist: FAILED (exit 1)
--- Iterating: quant ---
  quant: FAILED (exit 1)
=== Iteration cycle complete: Sun Mar 15 02:30:05 UTC 2026 ===
=== Iteration cycle start: Sun Mar 15 21:01:00 UTC 2026 ===
--- Iterating: momentum ---
  momentum: OK (145s, v1.1.0 → v1.2.0)
--- Iterating: historian ---
  historian: OK (138s, v1.1.0 → v1.2.0)
--- Iterating: game_theorist ---
  game_theorist: OK (67s, v1.1.0 → v1.2.0)
--- Iterating: quant ---
  quant: OK (103s, v1.1.0 → v1.2.0)
=== Iteration cycle complete: Sun Mar 15 21:08:34 UTC 2026 ===
